<!DOCTYPE html>
<html>
<head>
    <title>Unittest Results</title>
    <meta charset="utf-8">
    <meta name="viewport" content="width=device-width, initial-scale=1.0">
    <link rel="stylesheet" href="https://maxcdn.bootstrapcdn.com/bootstrap/3.3.6/css/bootstrap.min.css" integrity="sha384-1q8mTJOASx8j1Au+a5WDVnPi2lkFfwwEAa8hDDdjZlpLegxhjVME1fgjWPGmkzs7" crossorigin="anonymous">
</head>
<body>
    <div class="container">
        <div class="row">
            <div class="col-xs-12">
                <h2 class="text-capitalize">Unittest Results</h2>
                <p class='attribute'><strong>Start Time: </strong>2023-06-15 10:14:09</p>
                <p class='attribute'><strong>Duration: </strong>14.77 s</p>
                <p class='attribute'><strong>Summary: </strong>Total: 1, Pass: 0, Error: 1</p>
            </div>
        </div>
        <div class="row">
            <div class="col-xs-12 col-sm-10 col-md-10">
                <table class='table table-hover table-responsive'>
                    <thead>
                        <tr>
                            <th>__main__.Test_001_firstPage</th>
                            <th>Status</th>
                            <th></th>
                        </tr>
                    </thead>
                    <tbody>
                        <tr class='warning'>
                            <td class="col-xs-10">test_enterFirstPage</td>
                            <td class="col-xs-1">
                                <span class="label label-warning" style="display:block;width:40px;">Error</span>
                            </td>
                            <td class="col-xs-1">
                                <button class="btn btn-default btn-xs">View</button>
                            </td>
                        </tr>
                        <tr style="display:none;">
                            <td class="col-xs-9" colspan="3"><p style="color:maroon;">NoSuchElementException: Message: no such element: Unable to locate element: {"method":"css selector","selector":"[name="errors"]"}
  (Session info: chrome=114.0.5735.110); For documentation on this error, please visit: https://www.selenium.dev/documentation/webdriver/troubleshooting/errors#no-such-element-exception
Stacktrace:
Backtrace:
	GetHandleVerifier [0x00E7A813+48355]
	(No symbol) [0x00E0C4B1]
	(No symbol) [0x00D15358]
	(No symbol) [0x00D409A5]
	(No symbol) [0x00D40B3B]
	(No symbol) [0x00D6E232]
	(No symbol) [0x00D5A784]
	(No symbol) [0x00D6C922]
	(No symbol) [0x00D5A536]
	(No symbol) [0x00D382DC]
	(No symbol) [0x00D393DD]
	GetHandleVerifier [0x010DAABD+2539405]
	GetHandleVerifier [0x0111A78F+2800735]
	GetHandleVerifier [0x0111456C+2775612]
	GetHandleVerifier [0x00F051E0+616112]
	(No symbol) [0x00E15F8C]
	(No symbol) [0x00E12328]
	(No symbol) [0x00E1240B]
	(No symbol) [0x00E04FF7]
	BaseThreadInitThunk [0x7670FA29+25]
	RtlGetAppContainerNamedObjectPath [0x77107A7E+286]
	RtlGetAppContainerNamedObjectPath [0x77107A4E+238]
</p><p style="color:maroon;">Traceback (most recent call last):
  File "C:\Users\AntonyJosephRaj\OneDrive - JMAN Group Ltd\PROJECTS\UPREACH\Automation\20230613_automation_v3\testCases\testFirstPage.py", line 94, in test_enterFirstPage
    error_message = self.driver.find_element(By.NAME, "errors").text
  File "C:\Users\AntonyJosephRaj\OneDrive - JMAN Group Ltd\PROJECTS\UPREACH\Automation\20230613_automation_v3\venv\lib\site-packages\selenium\webdriver\remote\webdriver.py", line 740, in find_element
    return self.execute(Command.FIND_ELEMENT, {"using": by, "value": value})["value"]
  File "C:\Users\AntonyJosephRaj\OneDrive - JMAN Group Ltd\PROJECTS\UPREACH\Automation\20230613_automation_v3\venv\lib\site-packages\selenium\webdriver\remote\webdriver.py", line 346, in execute
    self.error_handler.check_response(response)
  File "C:\Users\AntonyJosephRaj\OneDrive - JMAN Group Ltd\PROJECTS\UPREACH\Automation\20230613_automation_v3\venv\lib\site-packages\selenium\webdriver\remote\errorhandler.py", line 245, in check_response
    raise exception_class(message, screen, stacktrace)
selenium.common.exceptions.NoSuchElementException: Message: no such element: Unable to locate element: {"method":"css selector","selector":"[name="errors"]"}
  (Session info: chrome=114.0.5735.110); For documentation on this error, please visit: https://www.selenium.dev/documentation/webdriver/troubleshooting/errors#no-such-element-exception
Stacktrace:
Backtrace:
	GetHandleVerifier [0x00E7A813+48355]
	(No symbol) [0x00E0C4B1]
	(No symbol) [0x00D15358]
	(No symbol) [0x00D409A5]
	(No symbol) [0x00D40B3B]
	(No symbol) [0x00D6E232]
	(No symbol) [0x00D5A784]
	(No symbol) [0x00D6C922]
	(No symbol) [0x00D5A536]
	(No symbol) [0x00D382DC]
	(No symbol) [0x00D393DD]
	GetHandleVerifier [0x010DAABD+2539405]
	GetHandleVerifier [0x0111A78F+2800735]
	GetHandleVerifier [0x0111456C+2775612]
	GetHandleVerifier [0x00F051E0+616112]
	(No symbol) [0x00E15F8C]
	(No symbol) [0x00E12328]
	(No symbol) [0x00E1240B]
	(No symbol) [0x00E04FF7]
	BaseThreadInitThunk [0x7670FA29+25]
	RtlGetAppContainerNamedObjectPath [0x77107A7E+286]
	RtlGetAppContainerNamedObjectPath [0x77107A4E+238]

</p>
                            </td>
                        </tr>
                        <tr>
                            <td colspan="3">
                                Total: 1, Pass: 0, Error: 1 -- Duration: 14.77 s
                            </td>
                        </tr>
                    </tbody>
                </table>
            </div>
        </div>
    </div>
    <script src="https://ajax.googleapis.com/ajax/libs/jquery/2.2.4/jquery.min.js"></script>
    <script type="text/javascript">
        $(document).ready(function(){
            $('td').on('click', '.btn', function(e){
                e.preventDefault();
                e.stopImmediatePropagation();
                var $this = $(this);
                var $nextRow = $this.closest('tr').next('tr');
                $nextRow.slideToggle("fast");
                $this.text(function(i, text){
                    if (text === 'View') {
                        return 'Hide';
                    } else {
                        return 'View';
                    };
                });
            });
        });
    </script>
</body>
</html